0 info it worked if it ends with ok
1 verbose cli [ '/usr/local/bin/node', '/usr/local/bin/npm', 'run', 'deploy' ]
2 info using npm@3.10.10
3 info using node@v6.10.3
4 verbose run-script [ 'predeploy', 'deploy', 'postdeploy' ]
5 info lifecycle bbusa-attendance-react@1.0.0~predeploy: bbusa-attendance-react@1.0.0
6 verbose lifecycle bbusa-attendance-react@1.0.0~predeploy: unsafe-perm in lifecycle true
7 verbose lifecycle bbusa-attendance-react@1.0.0~predeploy: PATH: /usr/local/lib/node_modules/npm/bin/node-gyp-bin:/Users/vishalmummareddy/Documents/GitHub/bbusa-attendance-react/node_modules/.bin:/usr/local/bin:/usr/bin:/bin:/usr/sbin:/sbin:/opt/X11/bin
8 verbose lifecycle bbusa-attendance-react@1.0.0~predeploy: CWD: /Users/vishalmummareddy/Documents/GitHub/bbusa-attendance-react
9 silly lifecycle bbusa-attendance-react@1.0.0~predeploy: Args: [ '-c', 'npm run build' ]
10 silly lifecycle bbusa-attendance-react@1.0.0~predeploy: Returned: code: 0  signal: null
11 info lifecycle bbusa-attendance-react@1.0.0~deploy: bbusa-attendance-react@1.0.0
12 verbose lifecycle bbusa-attendance-react@1.0.0~deploy: unsafe-perm in lifecycle true
13 verbose lifecycle bbusa-attendance-react@1.0.0~deploy: PATH: /usr/local/lib/node_modules/npm/bin/node-gyp-bin:/Users/vishalmummareddy/Documents/GitHub/bbusa-attendance-react/node_modules/.bin:/usr/local/bin:/usr/bin:/bin:/usr/sbin:/sbin:/opt/X11/bin
14 verbose lifecycle bbusa-attendance-react@1.0.0~deploy: CWD: /Users/vishalmummareddy/Documents/GitHub/bbusa-attendance-react
15 silly lifecycle bbusa-attendance-react@1.0.0~deploy: Args: [ '-c', 'gh-pages -d dist' ]
16 silly lifecycle bbusa-attendance-react@1.0.0~deploy: Returned: code: 1  signal: null
17 info lifecycle bbusa-attendance-react@1.0.0~deploy: Failed to exec deploy script
18 verbose stack Error: bbusa-attendance-react@1.0.0 deploy: `gh-pages -d dist`
18 verbose stack Exit status 1
18 verbose stack     at EventEmitter.<anonymous> (/usr/local/lib/node_modules/npm/lib/utils/lifecycle.js:255:16)
18 verbose stack     at emitTwo (events.js:106:13)
18 verbose stack     at EventEmitter.emit (events.js:191:7)
18 verbose stack     at ChildProcess.<anonymous> (/usr/local/lib/node_modules/npm/lib/utils/spawn.js:40:14)
18 verbose stack     at emitTwo (events.js:106:13)
18 verbose stack     at ChildProcess.emit (events.js:191:7)
18 verbose stack     at maybeClose (internal/child_process.js:886:16)
18 verbose stack     at Process.ChildProcess._handle.onexit (internal/child_process.js:226:5)
19 verbose pkgid bbusa-attendance-react@1.0.0
20 verbose cwd /Users/vishalmummareddy/Documents/GitHub/bbusa-attendance-react
21 error Darwin 18.0.0
22 error argv "/usr/local/bin/node" "/usr/local/bin/npm" "run" "deploy"
23 error node v6.10.3
24 error npm  v3.10.10
25 error code ELIFECYCLE
26 error bbusa-attendance-react@1.0.0 deploy: `gh-pages -d dist`
26 error Exit status 1
27 error Failed at the bbusa-attendance-react@1.0.0 deploy script 'gh-pages -d dist'.
27 error Make sure you have the latest version of node.js and npm installed.
27 error If you do, this is most likely a problem with the bbusa-attendance-react package,
27 error not with npm itself.
27 error Tell the author that this fails on your system:
27 error     gh-pages -d dist
27 error You can get information on how to open an issue for this project with:
27 error     npm bugs bbusa-attendance-react
27 error Or if that isn't available, you can get their info via:
27 error     npm owner ls bbusa-attendance-react
27 error There is likely additional logging output above.
28 verbose exit [ 1, true ]
